
Showing logs for build [32mcb-kubecd-environment-pr-192-49-f4h82-1[0m stage [32mfrom-build-pack[0m and container [32mstep-credential-initializer-82xnq[0m
{"level":"warn","ts":1585751857.600281,"logger":"fallback-logger","caller":"logging/config.go:69","msg":"Fetch GitHub commit ID from kodata failed: \"ref: refs/heads/0.8.0-**-support-backwards-incompats\" is not a valid GitHub commit ID"}
{"level":"info","ts":1585751857.6014988,"logger":"fallback-logger","caller":"creds-init/main.go:40","msg":"Credentials initialized."}

Showing logs for build [32mcb-kubecd-environment-pr-192-49-f4h82-1[0m stage [32mfrom-build-pack[0m and container [32mstep-working-dir-initializer-hz542[0m
{"level":"warn","ts":1585751858.3560047,"logger":"fallback-logger","caller":"logging/config.go:69","msg":"Fetch GitHub commit ID from kodata failed: open /var/run/ko/HEAD: no such file or directory"}
{"level":"info","ts":1585751858.357671,"logger":"fallback-logger","caller":"bash/main.go:64","msg":"Successfully executed command \"sh -c mkdir -p /workspace/source\"; output "}

Showing logs for build [32mcb-kubecd-environment-pr-192-49-f4h82-1[0m stage [32mfrom-build-pack[0m and container [32mstep-place-tools[0m

Showing logs for build [32mcb-kubecd-environment-pr-192-49-f4h82-1[0m stage [32mfrom-build-pack[0m and container [32mstep-git-source-cb-kubecd-environment-pr-192-49-f4h82-w6m5p[0m
{"level":"warn","ts":1585751886.6207025,"logger":"fallback-logger","caller":"logging/config.go:69","msg":"Fetch GitHub commit ID from kodata failed: \"ref: refs/heads/0.8.0-**-support-backwards-incompats\" is not a valid GitHub commit ID"}
{"level":"info","ts":1585751887.67297,"logger":"fallback-logger","caller":"git/git.go:103","msg":"Successfully cloned https://github.com/cb-kubecd/environment-pr-192-49-boot-gke-staging.git @ master in path /workspace/source"}

Showing logs for build [32mcb-kubecd-environment-pr-192-49-f4h82-1[0m stage [32mfrom-build-pack[0m and container [32mstep-git-merge[0m
Using SHAs from PULL_REFS=master:21df76454d277a2be0ef08e10c7f2d856f01cf7c,1:4f82785d91ee4576f03975b4ac0f90190a1ade2a
DEBUG: LC_ALL=C JX_LOG_LEVEL=error git fetch origin --unshallow 4f82785d91ee4576f03975b4ac0f90190a1ade2a: 21df76454d277a2be0ef08e10c7f2d856f01cf7c:
DEBUG: ran git fetch --unshallow origin 4f82785d91ee4576f03975b4ac0f90190a1ade2a: 21df76454d277a2be0ef08e10c7f2d856f01cf7c: in 
DEBUG: LC_ALL=C JX_LOG_LEVEL=error git branch
DEBUG: LC_ALL=C JX_LOG_LEVEL=error git checkout master
DEBUG: ran git checkout master in 
DEBUG: LC_ALL=C JX_LOG_LEVEL=error git reset --hard 21df76454d277a2be0ef08e10c7f2d856f01cf7c
DEBUG: ran git reset --hard 21df76454d277a2be0ef08e10c7f2d856f01cf7c in 
DEBUG: LC_ALL=C JX_LOG_LEVEL=error git clean -fd .
DEBUG: ran clean --force -d . in 
DEBUG: LC_ALL=C JX_LOG_LEVEL=error git merge 4f82785d91ee4576f03975b4ac0f90190a1ade2a
DEBUG: ran git merge 4f82785d91ee4576f03975b4ac0f90190a1ade2a in 
DEBUG: LC_ALL=C JX_LOG_LEVEL=error git log --format=%H%x1f%an%x1f%ae%x1f%cn%x1f%ce%x1f%s%n%b%x1e 21df76454d277a2be0ef08e10c7f2d856f01cf7c..HEAD
Merged SHA 4f82785d91ee4576f03975b4ac0f90190a1ade2a with commit message 'chore: Promote bdd-spring-1585751528 to version 0.0.1' into base branch master

Showing logs for build [32mcb-kubecd-environment-pr-192-49-f4h82-1[0m stage [32mfrom-build-pack[0m and container [32mstep-build-helm-build[0m
WARNING: No $CHART_REPOSITORY defined so using the default value of: http://jenkins-x-chartmuseum:8080
Adding missing Helm repo: storage.googleapis.com https://storage.googleapis.com/chartmuseum.jenkins-x.io
WARNING: No secrets found on "helm/repos" due: reading the secret "helm/repos" from vault: no secret "helm/repos" not found in vault
Read credentials for https://storage.googleapis.com/chartmuseum.jenkins-x.io from vault helm/repos
Successfully added Helm repository storage.googleapis.com.
Adding missing Helm repo: jenkins-x-chartmuseum http://jenkins-x-chartmuseum:8080
WARNING: No secrets found on "helm/repos" due: reading the secret "helm/repos" from vault: no secret "helm/repos" not found in vault
Read credentials for http://jenkins-x-chartmuseum:8080 from vault helm/repos
Successfully added Helm repository jenkins-x-chartmuseum.
WARNING: No $CHART_REPOSITORY defined so using the default value of: http://jenkins-x-chartmuseum:8080
Adding missing Helm repo: chartmuseum.jenkins-x.io http://chartmuseum.jenkins-x.io
WARNING: No secrets found on "helm/repos" due: reading the secret "helm/repos" from vault: no secret "helm/repos" not found in vault
Read credentials for http://chartmuseum.jenkins-x.io from vault helm/repos
Successfully added Helm repository chartmuseum.jenkins-x.io.
