
Showing logs for build [32mcb-kubecd-environment-pr-192-49-szsnq-1[0m stage [32mfrom-build-pack[0m and container [32mstep-credential-initializer-pdn8x[0m
{"level":"warn","ts":1585755555.8563132,"logger":"fallback-logger","caller":"logging/config.go:69","msg":"Fetch GitHub commit ID from kodata failed: \"ref: refs/heads/0.8.0-**-support-backwards-incompats\" is not a valid GitHub commit ID"}
{"level":"info","ts":1585755555.8570857,"logger":"fallback-logger","caller":"creds-init/main.go:40","msg":"Credentials initialized."}

Showing logs for build [32mcb-kubecd-environment-pr-192-49-szsnq-1[0m stage [32mfrom-build-pack[0m and container [32mstep-working-dir-initializer-wdjn2[0m
{"level":"warn","ts":1585755556.6213202,"logger":"fallback-logger","caller":"logging/config.go:69","msg":"Fetch GitHub commit ID from kodata failed: open /var/run/ko/HEAD: no such file or directory"}
{"level":"info","ts":1585755556.6228874,"logger":"fallback-logger","caller":"bash/main.go:64","msg":"Successfully executed command \"sh -c mkdir -p /workspace/source\"; output "}

Showing logs for build [32mcb-kubecd-environment-pr-192-49-szsnq-1[0m stage [32mfrom-build-pack[0m and container [32mstep-place-tools[0m

Showing logs for build [32mcb-kubecd-environment-pr-192-49-szsnq-1[0m stage [32mfrom-build-pack[0m and container [32mstep-git-source-cb-kubecd-environment-pr-192-49-szsnq-bdt45[0m
{"level":"warn","ts":1585755560.7514722,"logger":"fallback-logger","caller":"logging/config.go:69","msg":"Fetch GitHub commit ID from kodata failed: \"ref: refs/heads/0.8.0-**-support-backwards-incompats\" is not a valid GitHub commit ID"}
{"level":"info","ts":1585755561.7986858,"logger":"fallback-logger","caller":"git/git.go:103","msg":"Successfully cloned https://github.com/cb-kubecd/environment-pr-192-49-boot-gke-staging.git @ master in path /workspace/source"}

Showing logs for build [32mcb-kubecd-environment-pr-192-49-szsnq-1[0m stage [32mfrom-build-pack[0m and container [32mstep-git-merge[0m
Using SHAs from PULL_REFS=master:9c1a9ccb2fdce70d5135904272cf2e22d850746b,6:e44019a920006e6edc6c1b21027c58ea134d7b8c
DEBUG: LC_ALL=C JX_LOG_LEVEL=error git fetch origin --unshallow e44019a920006e6edc6c1b21027c58ea134d7b8c: 9c1a9ccb2fdce70d5135904272cf2e22d850746b:
DEBUG: ran git fetch --unshallow origin e44019a920006e6edc6c1b21027c58ea134d7b8c: 9c1a9ccb2fdce70d5135904272cf2e22d850746b: in 
DEBUG: LC_ALL=C JX_LOG_LEVEL=error git branch
DEBUG: LC_ALL=C JX_LOG_LEVEL=error git checkout master
DEBUG: ran git checkout master in 
DEBUG: LC_ALL=C JX_LOG_LEVEL=error git reset --hard 9c1a9ccb2fdce70d5135904272cf2e22d850746b
DEBUG: ran git reset --hard 9c1a9ccb2fdce70d5135904272cf2e22d850746b in 
DEBUG: LC_ALL=C JX_LOG_LEVEL=error git clean -fd .
DEBUG: ran clean --force -d . in 
DEBUG: LC_ALL=C JX_LOG_LEVEL=error git merge e44019a920006e6edc6c1b21027c58ea134d7b8c
DEBUG: ran git merge e44019a920006e6edc6c1b21027c58ea134d7b8c in 
DEBUG: JX_LOG_LEVEL=error LC_ALL=C git log --format=%H%x1f%an%x1f%ae%x1f%cn%x1f%ce%x1f%s%n%b%x1e 9c1a9ccb2fdce70d5135904272cf2e22d850746b..HEAD
Merged SHA e44019a920006e6edc6c1b21027c58ea134d7b8c with commit message 'chore: Promote bdd-sbhg-import-1585754841 to version 0.0.1' into base branch master

Showing logs for build [32mcb-kubecd-environment-pr-192-49-szsnq-1[0m stage [32mfrom-build-pack[0m and container [32mstep-build-helm-build[0m
WARNING: No $CHART_REPOSITORY defined so using the default value of: http://jenkins-x-chartmuseum:8080
Adding missing Helm repo: storage.googleapis.com https://storage.googleapis.com/chartmuseum.jenkins-x.io
WARNING: No secrets found on "helm/repos" due: reading the secret "helm/repos" from vault: no secret "helm/repos" not found in vault
Read credentials for https://storage.googleapis.com/chartmuseum.jenkins-x.io from vault helm/repos
Successfully added Helm repository storage.googleapis.com.
Adding missing Helm repo: jenkins-x-chartmuseum http://jenkins-x-chartmuseum:8080
WARNING: No secrets found on "helm/repos" due: reading the secret "helm/repos" from vault: no secret "helm/repos" not found in vault
Read credentials for http://jenkins-x-chartmuseum:8080 from vault helm/repos
Successfully added Helm repository jenkins-x-chartmuseum.
WARNING: No $CHART_REPOSITORY defined so using the default value of: http://jenkins-x-chartmuseum:8080
Adding missing Helm repo: chartmuseum.jenkins-x.io http://chartmuseum.jenkins-x.io
WARNING: No secrets found on "helm/repos" due: reading the secret "helm/repos" from vault: no secret "helm/repos" not found in vault
Read credentials for http://chartmuseum.jenkins-x.io from vault helm/repos
Successfully added Helm repository chartmuseum.jenkins-x.io.
