
Showing logs for build [32mcb-kubecd-environment-pr-192-49-6tr8s-1[0m stage [32mfrom-build-pack[0m and container [32mstep-credential-initializer-sqz2p[0m
{"level":"warn","ts":1585756101.453126,"logger":"fallback-logger","caller":"logging/config.go:69","msg":"Fetch GitHub commit ID from kodata failed: \"ref: refs/heads/0.8.0-**-support-backwards-incompats\" is not a valid GitHub commit ID"}
{"level":"info","ts":1585756101.4539225,"logger":"fallback-logger","caller":"creds-init/main.go:40","msg":"Credentials initialized."}

Showing logs for build [32mcb-kubecd-environment-pr-192-49-6tr8s-1[0m stage [32mfrom-build-pack[0m and container [32mstep-working-dir-initializer-qbjqn[0m
{"level":"warn","ts":1585756102.5668466,"logger":"fallback-logger","caller":"logging/config.go:69","msg":"Fetch GitHub commit ID from kodata failed: open /var/run/ko/HEAD: no such file or directory"}
{"level":"info","ts":1585756102.5696664,"logger":"fallback-logger","caller":"bash/main.go:64","msg":"Successfully executed command \"sh -c mkdir -p /workspace/source\"; output "}

Showing logs for build [32mcb-kubecd-environment-pr-192-49-6tr8s-1[0m stage [32mfrom-build-pack[0m and container [32mstep-place-tools[0m

Showing logs for build [32mcb-kubecd-environment-pr-192-49-6tr8s-1[0m stage [32mfrom-build-pack[0m and container [32mstep-git-source-cb-kubecd-environment-pr-192-49-6tr8s-bz9fl[0m
{"level":"warn","ts":1585756107.8399167,"logger":"fallback-logger","caller":"logging/config.go:69","msg":"Fetch GitHub commit ID from kodata failed: \"ref: refs/heads/0.8.0-**-support-backwards-incompats\" is not a valid GitHub commit ID"}
{"level":"info","ts":1585756108.9521303,"logger":"fallback-logger","caller":"git/git.go:103","msg":"Successfully cloned https://github.com/cb-kubecd/environment-pr-192-49-boot-gke-staging.git @ master in path /workspace/source"}

Showing logs for build [32mcb-kubecd-environment-pr-192-49-6tr8s-1[0m stage [32mfrom-build-pack[0m and container [32mstep-git-merge[0m
Using SHAs from PULL_REFS=master:58bdfbf0a6e91d92df7c49545f30cd0d9e85127d,7:0670984e7d448efffb913ea980aa16aa8c548033
DEBUG: LC_ALL=C JX_LOG_LEVEL=error git fetch origin --unshallow 0670984e7d448efffb913ea980aa16aa8c548033: 58bdfbf0a6e91d92df7c49545f30cd0d9e85127d:
DEBUG: ran git fetch --unshallow origin 0670984e7d448efffb913ea980aa16aa8c548033: 58bdfbf0a6e91d92df7c49545f30cd0d9e85127d: in 
DEBUG: LC_ALL=C JX_LOG_LEVEL=error git branch
DEBUG: LC_ALL=C JX_LOG_LEVEL=error git checkout master
DEBUG: ran git checkout master in 
DEBUG: JX_LOG_LEVEL=error LC_ALL=C git reset --hard 58bdfbf0a6e91d92df7c49545f30cd0d9e85127d
DEBUG: ran git reset --hard 58bdfbf0a6e91d92df7c49545f30cd0d9e85127d in 
DEBUG: LC_ALL=C JX_LOG_LEVEL=error git clean -fd .
DEBUG: ran clean --force -d . in 
DEBUG: LC_ALL=C JX_LOG_LEVEL=error git merge 0670984e7d448efffb913ea980aa16aa8c548033
DEBUG: ran git merge 0670984e7d448efffb913ea980aa16aa8c548033 in 
DEBUG: LC_ALL=C JX_LOG_LEVEL=error git log --format=%H%x1f%an%x1f%ae%x1f%cn%x1f%ce%x1f%s%n%b%x1e 58bdfbf0a6e91d92df7c49545f30cd0d9e85127d..HEAD
Merged SHA 0670984e7d448efffb913ea980aa16aa8c548033 with commit message 'chore: Promote bdd-sbrp-import-1585754841 to version 0.0.1' into base branch master

Showing logs for build [32mcb-kubecd-environment-pr-192-49-6tr8s-1[0m stage [32mfrom-build-pack[0m and container [32mstep-build-helm-build[0m
WARNING: No $CHART_REPOSITORY defined so using the default value of: http://jenkins-x-chartmuseum:8080
Adding missing Helm repo: storage.googleapis.com https://storage.googleapis.com/chartmuseum.jenkins-x.io
WARNING: No secrets found on "helm/repos" due: reading the secret "helm/repos" from vault: no secret "helm/repos" not found in vault
Read credentials for https://storage.googleapis.com/chartmuseum.jenkins-x.io from vault helm/repos
Successfully added Helm repository storage.googleapis.com.
Adding missing Helm repo: jenkins-x-chartmuseum http://jenkins-x-chartmuseum:8080
WARNING: No secrets found on "helm/repos" due: reading the secret "helm/repos" from vault: no secret "helm/repos" not found in vault
Read credentials for http://jenkins-x-chartmuseum:8080 from vault helm/repos
Successfully added Helm repository jenkins-x-chartmuseum.
WARNING: No $CHART_REPOSITORY defined so using the default value of: http://jenkins-x-chartmuseum:8080
Adding missing Helm repo: chartmuseum.jenkins-x.io http://chartmuseum.jenkins-x.io
WARNING: No secrets found on "helm/repos" due: reading the secret "helm/repos" from vault: no secret "helm/repos" not found in vault
Read credentials for http://chartmuseum.jenkins-x.io from vault helm/repos
Successfully added Helm repository chartmuseum.jenkins-x.io.
